CRITICAL - 2025-06-19 04:47:57 --> Class "file" not found
in SYSTEMPATH\Config\Services.php on line 686.
 1 SYSTEMPATH\Config\BaseService.php(258): CodeIgniter\Config\Services::session(Object(Config\Session), false)
 2 SYSTEMPATH\Config\BaseService.php(199): CodeIgniter\Config\BaseService::__callStatic('session', [...])
 3 SYSTEMPATH\Config\Services.php(664): CodeIgniter\Config\BaseService::getSharedInstance('session', null)
 4 SYSTEMPATH\Config\BaseService.php(258): CodeIgniter\Config\Services::session()
 5 APPPATH\Config\Globals.php(26): CodeIgniter\Config\BaseService::__callStatic('session', [])
 6 APPPATH\Config\Globals.php(100): Config\Globals::setGlobals()
 7 SYSTEMPATH\Autoloader\Autoloader.php(312): include_once('C:\\xampp\\htdocs\\mahakal\\blog\\app\\Config\\Globals.php')
 8 SYSTEMPATH\Autoloader\Autoloader.php(291): CodeIgniter\Autoloader\Autoloader->includeFile('C:\\xampp\\htdocs\\mahakal\\blog\\app\\Config\\Globals.php')
 9 SYSTEMPATH\Autoloader\Autoloader.php(269): CodeIgniter\Autoloader\Autoloader->loadInNamespace('Config\\Globals')
10 APPPATH\Config\Routes.php(6): CodeIgniter\Autoloader\Autoloader->loadClass('Config\\Globals')
11 SYSTEMPATH\Router\RouteCollection.php(344): require('C:\\xampp\\htdocs\\mahakal\\blog\\app\\Config\\Routes.php')
12 SYSTEMPATH\CodeIgniter.php(809): CodeIgniter\Router\RouteCollection->loadRoutes()
13 SYSTEMPATH\CodeIgniter.php(449): CodeIgniter\CodeIgniter->tryToRouteIt(null)
14 SYSTEMPATH\CodeIgniter.php(360): CodeIgniter\CodeIgniter->handleRequest(null, Object(Config\Cache), false)
15 FCPATH\index.php(95): CodeIgniter\CodeIgniter->run()
CRITICAL - 2025-06-19 04:47:57 --> Class "file" not found
in SYSTEMPATH\Config\Services.php on line 686.
 1 SYSTEMPATH\Config\BaseService.php(258): CodeIgniter\Config\Services::session(Object(Config\Session), false)
 2 SYSTEMPATH\Config\BaseService.php(199): CodeIgniter\Config\BaseService::__callStatic('session', [...])
 3 SYSTEMPATH\Config\Services.php(664): CodeIgniter\Config\BaseService::getSharedInstance('session', null)
 4 SYSTEMPATH\Config\BaseService.php(258): CodeIgniter\Config\Services::session()
 5 APPPATH\Config\Globals.php(26): CodeIgniter\Config\BaseService::__callStatic('session', [])
 6 APPPATH\Config\Globals.php(100): Config\Globals::setGlobals()
 7 SYSTEMPATH\Autoloader\Autoloader.php(312): include_once('C:\\xampp\\htdocs\\mahakal\\blog\\app\\Config\\Globals.php')
 8 SYSTEMPATH\Autoloader\Autoloader.php(291): CodeIgniter\Autoloader\Autoloader->includeFile('C:\\xampp\\htdocs\\mahakal\\blog\\app\\Config\\Globals.php')
 9 SYSTEMPATH\Autoloader\Autoloader.php(269): CodeIgniter\Autoloader\Autoloader->loadInNamespace('Config\\Globals')
10 APPPATH\Config\Routes.php(6): CodeIgniter\Autoloader\Autoloader->loadClass('Config\\Globals')
11 SYSTEMPATH\Router\RouteCollection.php(344): require('C:\\xampp\\htdocs\\mahakal\\blog\\app\\Config\\Routes.php')
12 SYSTEMPATH\CodeIgniter.php(809): CodeIgniter\Router\RouteCollection->loadRoutes()
13 SYSTEMPATH\CodeIgniter.php(449): CodeIgniter\CodeIgniter->tryToRouteIt(null)
14 SYSTEMPATH\CodeIgniter.php(360): CodeIgniter\CodeIgniter->handleRequest(null, Object(Config\Cache), false)
15 FCPATH\index.php(95): CodeIgniter\CodeIgniter->run()
CRITICAL - 2025-06-19 05:09:57 --> Class "file" not found
in SYSTEMPATH\Config\Services.php on line 686.
 1 SYSTEMPATH\Config\BaseService.php(258): CodeIgniter\Config\Services::session(Object(Config\Session), false)
 2 SYSTEMPATH\Config\BaseService.php(199): CodeIgniter\Config\BaseService::__callStatic('session', [...])
 3 SYSTEMPATH\Config\Services.php(664): CodeIgniter\Config\BaseService::getSharedInstance('session', null)
 4 SYSTEMPATH\Config\BaseService.php(258): CodeIgniter\Config\Services::session()
 5 APPPATH\Config\Globals.php(26): CodeIgniter\Config\BaseService::__callStatic('session', [])
 6 APPPATH\Config\Globals.php(100): Config\Globals::setGlobals()
 7 SYSTEMPATH\Autoloader\Autoloader.php(312): include_once('C:\\xampp\\htdocs\\mahakal\\blog\\app\\Config\\Globals.php')
 8 SYSTEMPATH\Autoloader\Autoloader.php(291): CodeIgniter\Autoloader\Autoloader->includeFile('C:\\xampp\\htdocs\\mahakal\\blog\\app\\Config\\Globals.php')
 9 SYSTEMPATH\Autoloader\Autoloader.php(269): CodeIgniter\Autoloader\Autoloader->loadInNamespace('Config\\Globals')
10 APPPATH\Config\Routes.php(6): CodeIgniter\Autoloader\Autoloader->loadClass('Config\\Globals')
11 SYSTEMPATH\Router\RouteCollection.php(344): require('C:\\xampp\\htdocs\\mahakal\\blog\\app\\Config\\Routes.php')
12 SYSTEMPATH\CodeIgniter.php(809): CodeIgniter\Router\RouteCollection->loadRoutes()
13 SYSTEMPATH\CodeIgniter.php(449): CodeIgniter\CodeIgniter->tryToRouteIt(null)
14 SYSTEMPATH\CodeIgniter.php(360): CodeIgniter\CodeIgniter->handleRequest(null, Object(Config\Cache), false)
15 FCPATH\index.php(95): CodeIgniter\CodeIgniter->run()
CRITICAL - 2025-06-19 05:09:58 --> Class "file" not found
in SYSTEMPATH\Config\Services.php on line 686.
 1 SYSTEMPATH\Config\BaseService.php(258): CodeIgniter\Config\Services::session(Object(Config\Session), false)
 2 SYSTEMPATH\Config\BaseService.php(199): CodeIgniter\Config\BaseService::__callStatic('session', [...])
 3 SYSTEMPATH\Config\Services.php(664): CodeIgniter\Config\BaseService::getSharedInstance('session', null)
 4 SYSTEMPATH\Config\BaseService.php(258): CodeIgniter\Config\Services::session()
 5 APPPATH\Config\Globals.php(26): CodeIgniter\Config\BaseService::__callStatic('session', [])
 6 APPPATH\Config\Globals.php(100): Config\Globals::setGlobals()
 7 SYSTEMPATH\Autoloader\Autoloader.php(312): include_once('C:\\xampp\\htdocs\\mahakal\\blog\\app\\Config\\Globals.php')
 8 SYSTEMPATH\Autoloader\Autoloader.php(291): CodeIgniter\Autoloader\Autoloader->includeFile('C:\\xampp\\htdocs\\mahakal\\blog\\app\\Config\\Globals.php')
 9 SYSTEMPATH\Autoloader\Autoloader.php(269): CodeIgniter\Autoloader\Autoloader->loadInNamespace('Config\\Globals')
10 APPPATH\Config\Routes.php(6): CodeIgniter\Autoloader\Autoloader->loadClass('Config\\Globals')
11 SYSTEMPATH\Router\RouteCollection.php(344): require('C:\\xampp\\htdocs\\mahakal\\blog\\app\\Config\\Routes.php')
12 SYSTEMPATH\CodeIgniter.php(809): CodeIgniter\Router\RouteCollection->loadRoutes()
13 SYSTEMPATH\CodeIgniter.php(449): CodeIgniter\CodeIgniter->tryToRouteIt(null)
14 SYSTEMPATH\CodeIgniter.php(360): CodeIgniter\CodeIgniter->handleRequest(null, Object(Config\Cache), false)
15 FCPATH\index.php(95): CodeIgniter\CodeIgniter->run()
CRITICAL - 2025-06-19 05:39:08 --> Class "file" not found
in SYSTEMPATH\Config\Services.php on line 686.
 1 SYSTEMPATH\Config\BaseService.php(258): CodeIgniter\Config\Services::session(Object(Config\Session), false)
 2 SYSTEMPATH\Config\BaseService.php(199): CodeIgniter\Config\BaseService::__callStatic('session', [...])
 3 SYSTEMPATH\Config\Services.php(664): CodeIgniter\Config\BaseService::getSharedInstance('session', null)
 4 SYSTEMPATH\Config\BaseService.php(258): CodeIgniter\Config\Services::session()
 5 APPPATH\Config\Globals.php(26): CodeIgniter\Config\BaseService::__callStatic('session', [])
 6 APPPATH\Config\Globals.php(100): Config\Globals::setGlobals()
 7 SYSTEMPATH\Autoloader\Autoloader.php(312): include_once('C:\\xampp\\htdocs\\mahakal\\blog\\app\\Config\\Globals.php')
 8 SYSTEMPATH\Autoloader\Autoloader.php(291): CodeIgniter\Autoloader\Autoloader->includeFile('C:\\xampp\\htdocs\\mahakal\\blog\\app\\Config\\Globals.php')
 9 SYSTEMPATH\Autoloader\Autoloader.php(269): CodeIgniter\Autoloader\Autoloader->loadInNamespace('Config\\Globals')
10 APPPATH\Config\Routes.php(6): CodeIgniter\Autoloader\Autoloader->loadClass('Config\\Globals')
11 SYSTEMPATH\Router\RouteCollection.php(344): require('C:\\xampp\\htdocs\\mahakal\\blog\\app\\Config\\Routes.php')
12 SYSTEMPATH\CodeIgniter.php(809): CodeIgniter\Router\RouteCollection->loadRoutes()
13 SYSTEMPATH\CodeIgniter.php(449): CodeIgniter\CodeIgniter->tryToRouteIt(null)
14 SYSTEMPATH\CodeIgniter.php(360): CodeIgniter\CodeIgniter->handleRequest(null, Object(Config\Cache), false)
15 FCPATH\index.php(95): CodeIgniter\CodeIgniter->run()
CRITICAL - 2025-06-19 05:39:09 --> Class "file" not found
in SYSTEMPATH\Config\Services.php on line 686.
 1 SYSTEMPATH\Config\BaseService.php(258): CodeIgniter\Config\Services::session(Object(Config\Session), false)
 2 SYSTEMPATH\Config\BaseService.php(199): CodeIgniter\Config\BaseService::__callStatic('session', [...])
 3 SYSTEMPATH\Config\Services.php(664): CodeIgniter\Config\BaseService::getSharedInstance('session', null)
 4 SYSTEMPATH\Config\BaseService.php(258): CodeIgniter\Config\Services::session()
 5 APPPATH\Config\Globals.php(26): CodeIgniter\Config\BaseService::__callStatic('session', [])
 6 APPPATH\Config\Globals.php(100): Config\Globals::setGlobals()
 7 SYSTEMPATH\Autoloader\Autoloader.php(312): include_once('C:\\xampp\\htdocs\\mahakal\\blog\\app\\Config\\Globals.php')
 8 SYSTEMPATH\Autoloader\Autoloader.php(291): CodeIgniter\Autoloader\Autoloader->includeFile('C:\\xampp\\htdocs\\mahakal\\blog\\app\\Config\\Globals.php')
 9 SYSTEMPATH\Autoloader\Autoloader.php(269): CodeIgniter\Autoloader\Autoloader->loadInNamespace('Config\\Globals')
10 APPPATH\Config\Routes.php(6): CodeIgniter\Autoloader\Autoloader->loadClass('Config\\Globals')
11 SYSTEMPATH\Router\RouteCollection.php(344): require('C:\\xampp\\htdocs\\mahakal\\blog\\app\\Config\\Routes.php')
12 SYSTEMPATH\CodeIgniter.php(809): CodeIgniter\Router\RouteCollection->loadRoutes()
13 SYSTEMPATH\CodeIgniter.php(449): CodeIgniter\CodeIgniter->tryToRouteIt(null)
14 SYSTEMPATH\CodeIgniter.php(360): CodeIgniter\CodeIgniter->handleRequest(null, Object(Config\Cache), false)
15 FCPATH\index.php(95): CodeIgniter\CodeIgniter->run()
CRITICAL - 2025-06-19 06:39:25 --> Class "file" not found
in SYSTEMPATH\Config\Services.php on line 686.
 1 SYSTEMPATH\Config\BaseService.php(258): CodeIgniter\Config\Services::session(Object(Config\Session), false)
 2 SYSTEMPATH\Config\BaseService.php(199): CodeIgniter\Config\BaseService::__callStatic('session', [...])
 3 SYSTEMPATH\Config\Services.php(664): CodeIgniter\Config\BaseService::getSharedInstance('session', null)
 4 SYSTEMPATH\Config\BaseService.php(258): CodeIgniter\Config\Services::session()
 5 APPPATH\Config\Globals.php(26): CodeIgniter\Config\BaseService::__callStatic('session', [])
 6 APPPATH\Config\Globals.php(100): Config\Globals::setGlobals()
 7 SYSTEMPATH\Autoloader\Autoloader.php(312): include_once('C:\\xampp\\htdocs\\mahakal\\blog\\app\\Config\\Globals.php')
 8 SYSTEMPATH\Autoloader\Autoloader.php(291): CodeIgniter\Autoloader\Autoloader->includeFile('C:\\xampp\\htdocs\\mahakal\\blog\\app\\Config\\Globals.php')
 9 SYSTEMPATH\Autoloader\Autoloader.php(269): CodeIgniter\Autoloader\Autoloader->loadInNamespace('Config\\Globals')
10 APPPATH\Config\Routes.php(6): CodeIgniter\Autoloader\Autoloader->loadClass('Config\\Globals')
11 SYSTEMPATH\Router\RouteCollection.php(344): require('C:\\xampp\\htdocs\\mahakal\\blog\\app\\Config\\Routes.php')
12 SYSTEMPATH\CodeIgniter.php(809): CodeIgniter\Router\RouteCollection->loadRoutes()
13 SYSTEMPATH\CodeIgniter.php(449): CodeIgniter\CodeIgniter->tryToRouteIt(null)
14 SYSTEMPATH\CodeIgniter.php(360): CodeIgniter\CodeIgniter->handleRequest(null, Object(Config\Cache), false)
15 FCPATH\index.php(95): CodeIgniter\CodeIgniter->run()
CRITICAL - 2025-06-19 06:39:25 --> Class "file" not found
in SYSTEMPATH\Config\Services.php on line 686.
 1 SYSTEMPATH\Config\BaseService.php(258): CodeIgniter\Config\Services::session(Object(Config\Session), false)
 2 SYSTEMPATH\Config\BaseService.php(199): CodeIgniter\Config\BaseService::__callStatic('session', [...])
 3 SYSTEMPATH\Config\Services.php(664): CodeIgniter\Config\BaseService::getSharedInstance('session', null)
 4 SYSTEMPATH\Config\BaseService.php(258): CodeIgniter\Config\Services::session()
 5 APPPATH\Config\Globals.php(26): CodeIgniter\Config\BaseService::__callStatic('session', [])
 6 APPPATH\Config\Globals.php(100): Config\Globals::setGlobals()
 7 SYSTEMPATH\Autoloader\Autoloader.php(312): include_once('C:\\xampp\\htdocs\\mahakal\\blog\\app\\Config\\Globals.php')
 8 SYSTEMPATH\Autoloader\Autoloader.php(291): CodeIgniter\Autoloader\Autoloader->includeFile('C:\\xampp\\htdocs\\mahakal\\blog\\app\\Config\\Globals.php')
 9 SYSTEMPATH\Autoloader\Autoloader.php(269): CodeIgniter\Autoloader\Autoloader->loadInNamespace('Config\\Globals')
10 APPPATH\Config\Routes.php(6): CodeIgniter\Autoloader\Autoloader->loadClass('Config\\Globals')
11 SYSTEMPATH\Router\RouteCollection.php(344): require('C:\\xampp\\htdocs\\mahakal\\blog\\app\\Config\\Routes.php')
12 SYSTEMPATH\CodeIgniter.php(809): CodeIgniter\Router\RouteCollection->loadRoutes()
13 SYSTEMPATH\CodeIgniter.php(449): CodeIgniter\CodeIgniter->tryToRouteIt(null)
14 SYSTEMPATH\CodeIgniter.php(360): CodeIgniter\CodeIgniter->handleRequest(null, Object(Config\Cache), false)
15 FCPATH\index.php(95): CodeIgniter\CodeIgniter->run()
ERROR - 2025-06-19 07:58:28 --> Error connecting to the database: mysqli_sql_exception: Access denied for user 'u124366273_mahakal_blogUS'@'localhost' (using password: YES) in C:\xampp\htdocs\mahakal\blog\system\Database\MySQLi\Connection.php:185
Stack trace:
#0 C:\xampp\htdocs\mahakal\blog\system\Database\MySQLi\Connection.php(185): mysqli->real_connect('localhost', 'u124366273_maha...', ']tR9b?p0w', 'u124366273_maha...', 3306, '', 0)
#1 C:\xampp\htdocs\mahakal\blog\system\Database\BaseConnection.php(392): CodeIgniter\Database\MySQLi\Connection->connect(false)
#2 C:\xampp\htdocs\mahakal\blog\system\Session\Handlers\DatabaseHandler.php(98): CodeIgniter\Database\BaseConnection->initialize()
#3 [internal function]: CodeIgniter\Session\Handlers\DatabaseHandler->open('ci_sessions', 'inf_session')
#4 C:\xampp\htdocs\mahakal\blog\system\Session\Session.php(919): session_start()
#5 C:\xampp\htdocs\mahakal\blog\system\Session\Session.php(241): CodeIgniter\Session\Session->startSession()
#6 C:\xampp\htdocs\mahakal\blog\system\Config\Services.php(693): CodeIgniter\Session\Session->start()
#7 C:\xampp\htdocs\mahakal\blog\system\Config\BaseService.php(258): CodeIgniter\Config\Services::session(Object(Config\Session), false)
#8 C:\xampp\htdocs\mahakal\blog\system\Config\BaseService.php(199): CodeIgniter\Config\BaseService::__callStatic('session', Array)
#9 C:\xampp\htdocs\mahakal\blog\system\Config\Services.php(664): CodeIgniter\Config\BaseService::getSharedInstance('session', NULL)
#10 C:\xampp\htdocs\mahakal\blog\system\Config\BaseService.php(258): CodeIgniter\Config\Services::session()
#11 C:\xampp\htdocs\mahakal\blog\app\Config\Globals.php(26): CodeIgniter\Config\BaseService::__callStatic('session', Array)
#12 C:\xampp\htdocs\mahakal\blog\app\Config\Globals.php(100): Config\Globals::setGlobals()
#13 C:\xampp\htdocs\mahakal\blog\system\Autoloader\Autoloader.php(312): include_once('C:\\xampp\\htdocs...')
#14 C:\xampp\htdocs\mahakal\blog\system\Autoloader\Autoloader.php(291): CodeIgniter\Autoloader\Autoloader->includeFile('C:\\xampp\\htdocs...')
#15 C:\xampp\htdocs\mahakal\blog\system\Autoloader\Autoloader.php(269): CodeIgniter\Autoloader\Autoloader->loadInNamespace('Config\\Globals')
#16 C:\xampp\htdocs\mahakal\blog\app\Config\Routes.php(6): CodeIgniter\Autoloader\Autoloader->loadClass('Config\\Globals')
#17 C:\xampp\htdocs\mahakal\blog\system\Router\RouteCollection.php(344): require('C:\\xampp\\htdocs...')
#18 C:\xampp\htdocs\mahakal\blog\system\CodeIgniter.php(809): CodeIgniter\Router\RouteCollection->loadRoutes()
#19 C:\xampp\htdocs\mahakal\blog\system\CodeIgniter.php(449): CodeIgniter\CodeIgniter->tryToRouteIt(NULL)
#20 C:\xampp\htdocs\mahakal\blog\system\CodeIgniter.php(360): CodeIgniter\CodeIgniter->handleRequest(NULL, Object(Config\Cache), false)
#21 C:\xampp\htdocs\mahakal\blog\index.php(95): CodeIgniter\CodeIgniter->run()
#22 {main}

Next CodeIgniter\Database\Exceptions\DatabaseException: Access denied for user '****'@'localhost' (using password: YES) in C:\xampp\htdocs\mahakal\blog\system\Database\MySQLi\Connection.php:229
Stack trace:
#0 C:\xampp\htdocs\mahakal\blog\system\Database\BaseConnection.php(392): CodeIgniter\Database\MySQLi\Connection->connect(false)
#1 C:\xampp\htdocs\mahakal\blog\system\Session\Handlers\DatabaseHandler.php(98): CodeIgniter\Database\BaseConnection->initialize()
#2 [internal function]: CodeIgniter\Session\Handlers\DatabaseHandler->open('ci_sessions', 'inf_session')
#3 C:\xampp\htdocs\mahakal\blog\system\Session\Session.php(919): session_start()
#4 C:\xampp\htdocs\mahakal\blog\system\Session\Session.php(241): CodeIgniter\Session\Session->startSession()
#5 C:\xampp\htdocs\mahakal\blog\system\Config\Services.php(693): CodeIgniter\Session\Session->start()
#6 C:\xampp\htdocs\mahakal\blog\system\Config\BaseService.php(258): CodeIgniter\Config\Services::session(Object(Config\Session), false)
#7 C:\xampp\htdocs\mahakal\blog\system\Config\BaseService.php(199): CodeIgniter\Config\BaseService::__callStatic('session', Array)
#8 C:\xampp\htdocs\mahakal\blog\system\Config\Services.php(664): CodeIgniter\Config\BaseService::getSharedInstance('session', NULL)
#9 C:\xampp\htdocs\mahakal\blog\system\Config\BaseService.php(258): CodeIgniter\Config\Services::session()
#10 C:\xampp\htdocs\mahakal\blog\app\Config\Globals.php(26): CodeIgniter\Config\BaseService::__callStatic('session', Array)
#11 C:\xampp\htdocs\mahakal\blog\app\Config\Globals.php(100): Config\Globals::setGlobals()
#12 C:\xampp\htdocs\mahakal\blog\system\Autoloader\Autoloader.php(312): include_once('C:\\xampp\\htdocs...')
#13 C:\xampp\htdocs\mahakal\blog\system\Autoloader\Autoloader.php(291): CodeIgniter\Autoloader\Autoloader->includeFile('C:\\xampp\\htdocs...')
#14 C:\xampp\htdocs\mahakal\blog\system\Autoloader\Autoloader.php(269): CodeIgniter\Autoloader\Autoloader->loadInNamespace('Config\\Globals')
#15 C:\xampp\htdocs\mahakal\blog\app\Config\Routes.php(6): CodeIgniter\Autoloader\Autoloader->loadClass('Config\\Globals')
#16 C:\xampp\htdocs\mahakal\blog\system\Router\RouteCollection.php(344): require('C:\\xampp\\htdocs...')
#17 C:\xampp\htdocs\mahakal\blog\system\CodeIgniter.php(809): CodeIgniter\Router\RouteCollection->loadRoutes()
#18 C:\xampp\htdocs\mahakal\blog\system\CodeIgniter.php(449): CodeIgniter\CodeIgniter->tryToRouteIt(NULL)
#19 C:\xampp\htdocs\mahakal\blog\system\CodeIgniter.php(360): CodeIgniter\CodeIgniter->handleRequest(NULL, Object(Config\Cache), false)
#20 C:\xampp\htdocs\mahakal\blog\index.php(95): CodeIgniter\CodeIgniter->run()
#21 {main}
ERROR - 2025-06-19 07:58:28 --> Error connecting to the database: mysqli_sql_exception: Access denied for user 'u124366273_mahakal_blogUS'@'localhost' (using password: YES) in C:\xampp\htdocs\mahakal\blog\system\Database\MySQLi\Connection.php:185
Stack trace:
#0 C:\xampp\htdocs\mahakal\blog\system\Database\MySQLi\Connection.php(185): mysqli->real_connect('localhost', 'u124366273_maha...', ']tR9b?p0w', 'u124366273_maha...', 3306, '', 0)
#1 C:\xampp\htdocs\mahakal\blog\system\Database\BaseConnection.php(392): CodeIgniter\Database\MySQLi\Connection->connect(false)
#2 C:\xampp\htdocs\mahakal\blog\system\Session\Handlers\DatabaseHandler.php(98): CodeIgniter\Database\BaseConnection->initialize()
#3 [internal function]: CodeIgniter\Session\Handlers\DatabaseHandler->open('ci_sessions', 'inf_session')
#4 C:\xampp\htdocs\mahakal\blog\system\Session\Session.php(919): session_start()
#5 C:\xampp\htdocs\mahakal\blog\system\Session\Session.php(241): CodeIgniter\Session\Session->startSession()
#6 C:\xampp\htdocs\mahakal\blog\system\Config\Services.php(693): CodeIgniter\Session\Session->start()
#7 C:\xampp\htdocs\mahakal\blog\system\Config\BaseService.php(258): CodeIgniter\Config\Services::session(Object(Config\Session), false)
#8 C:\xampp\htdocs\mahakal\blog\system\Config\BaseService.php(199): CodeIgniter\Config\BaseService::__callStatic('session', Array)
#9 C:\xampp\htdocs\mahakal\blog\system\Config\Services.php(664): CodeIgniter\Config\BaseService::getSharedInstance('session', NULL)
#10 C:\xampp\htdocs\mahakal\blog\system\Config\BaseService.php(258): CodeIgniter\Config\Services::session()
#11 C:\xampp\htdocs\mahakal\blog\app\Config\Globals.php(26): CodeIgniter\Config\BaseService::__callStatic('session', Array)
#12 C:\xampp\htdocs\mahakal\blog\app\Config\Globals.php(100): Config\Globals::setGlobals()
#13 C:\xampp\htdocs\mahakal\blog\system\Autoloader\Autoloader.php(312): include_once('C:\\xampp\\htdocs...')
#14 C:\xampp\htdocs\mahakal\blog\system\Autoloader\Autoloader.php(291): CodeIgniter\Autoloader\Autoloader->includeFile('C:\\xampp\\htdocs...')
#15 C:\xampp\htdocs\mahakal\blog\system\Autoloader\Autoloader.php(269): CodeIgniter\Autoloader\Autoloader->loadInNamespace('Config\\Globals')
#16 C:\xampp\htdocs\mahakal\blog\app\Config\Routes.php(6): CodeIgniter\Autoloader\Autoloader->loadClass('Config\\Globals')
#17 C:\xampp\htdocs\mahakal\blog\system\Router\RouteCollection.php(344): require('C:\\xampp\\htdocs...')
#18 C:\xampp\htdocs\mahakal\blog\system\CodeIgniter.php(809): CodeIgniter\Router\RouteCollection->loadRoutes()
#19 C:\xampp\htdocs\mahakal\blog\system\CodeIgniter.php(449): CodeIgniter\CodeIgniter->tryToRouteIt(NULL)
#20 C:\xampp\htdocs\mahakal\blog\system\CodeIgniter.php(360): CodeIgniter\CodeIgniter->handleRequest(NULL, Object(Config\Cache), false)
#21 C:\xampp\htdocs\mahakal\blog\index.php(95): CodeIgniter\CodeIgniter->run()
#22 {main}

Next CodeIgniter\Database\Exceptions\DatabaseException: Access denied for user '****'@'localhost' (using password: YES) in C:\xampp\htdocs\mahakal\blog\system\Database\MySQLi\Connection.php:229
Stack trace:
#0 C:\xampp\htdocs\mahakal\blog\system\Database\BaseConnection.php(392): CodeIgniter\Database\MySQLi\Connection->connect(false)
#1 C:\xampp\htdocs\mahakal\blog\system\Session\Handlers\DatabaseHandler.php(98): CodeIgniter\Database\BaseConnection->initialize()
#2 [internal function]: CodeIgniter\Session\Handlers\DatabaseHandler->open('ci_sessions', 'inf_session')
#3 C:\xampp\htdocs\mahakal\blog\system\Session\Session.php(919): session_start()
#4 C:\xampp\htdocs\mahakal\blog\system\Session\Session.php(241): CodeIgniter\Session\Session->startSession()
#5 C:\xampp\htdocs\mahakal\blog\system\Config\Services.php(693): CodeIgniter\Session\Session->start()
#6 C:\xampp\htdocs\mahakal\blog\system\Config\BaseService.php(258): CodeIgniter\Config\Services::session(Object(Config\Session), false)
#7 C:\xampp\htdocs\mahakal\blog\system\Config\BaseService.php(199): CodeIgniter\Config\BaseService::__callStatic('session', Array)
#8 C:\xampp\htdocs\mahakal\blog\system\Config\Services.php(664): CodeIgniter\Config\BaseService::getSharedInstance('session', NULL)
#9 C:\xampp\htdocs\mahakal\blog\system\Config\BaseService.php(258): CodeIgniter\Config\Services::session()
#10 C:\xampp\htdocs\mahakal\blog\app\Config\Globals.php(26): CodeIgniter\Config\BaseService::__callStatic('session', Array)
#11 C:\xampp\htdocs\mahakal\blog\app\Config\Globals.php(100): Config\Globals::setGlobals()
#12 C:\xampp\htdocs\mahakal\blog\system\Autoloader\Autoloader.php(312): include_once('C:\\xampp\\htdocs...')
#13 C:\xampp\htdocs\mahakal\blog\system\Autoloader\Autoloader.php(291): CodeIgniter\Autoloader\Autoloader->includeFile('C:\\xampp\\htdocs...')
#14 C:\xampp\htdocs\mahakal\blog\system\Autoloader\Autoloader.php(269): CodeIgniter\Autoloader\Autoloader->loadInNamespace('Config\\Globals')
#15 C:\xampp\htdocs\mahakal\blog\app\Config\Routes.php(6): CodeIgniter\Autoloader\Autoloader->loadClass('Config\\Globals')
#16 C:\xampp\htdocs\mahakal\blog\system\Router\RouteCollection.php(344): require('C:\\xampp\\htdocs...')
#17 C:\xampp\htdocs\mahakal\blog\system\CodeIgniter.php(809): CodeIgniter\Router\RouteCollection->loadRoutes()
#18 C:\xampp\htdocs\mahakal\blog\system\CodeIgniter.php(449): CodeIgniter\CodeIgniter->tryToRouteIt(NULL)
#19 C:\xampp\htdocs\mahakal\blog\system\CodeIgniter.php(360): CodeIgniter\CodeIgniter->handleRequest(NULL, Object(Config\Cache), false)
#20 C:\xampp\htdocs\mahakal\blog\index.php(95): CodeIgniter\CodeIgniter->run()
#21 {main}
CRITICAL - 2025-06-19 07:58:28 --> Unable to connect to the database.
Main connection [MySQLi]: Access denied for user '****'@'localhost' (using password: YES)
in SYSTEMPATH\Database\BaseConnection.php on line 428.
 1 SYSTEMPATH\Session\Handlers\DatabaseHandler.php(98): CodeIgniter\Database\BaseConnection->initialize()
 2 [internal function]: CodeIgniter\Session\Handlers\DatabaseHandler->open('ci_sessions', 'inf_session')
 3 SYSTEMPATH\Session\Session.php(919): session_start()
 4 SYSTEMPATH\Session\Session.php(241): CodeIgniter\Session\Session->startSession()
 5 SYSTEMPATH\Config\Services.php(693): CodeIgniter\Session\Session->start()
 6 SYSTEMPATH\Config\BaseService.php(258): CodeIgniter\Config\Services::session(Object(Config\Session), false)
 7 SYSTEMPATH\Config\BaseService.php(199): CodeIgniter\Config\BaseService::__callStatic('session', [...])
 8 SYSTEMPATH\Config\Services.php(664): CodeIgniter\Config\BaseService::getSharedInstance('session', null)
 9 SYSTEMPATH\Config\BaseService.php(258): CodeIgniter\Config\Services::session()
10 APPPATH\Config\Globals.php(26): CodeIgniter\Config\BaseService::__callStatic('session', [])
11 APPPATH\Config\Globals.php(100): Config\Globals::setGlobals()
12 SYSTEMPATH\Autoloader\Autoloader.php(312): include_once('C:\\xampp\\htdocs\\mahakal\\blog\\app\\Config\\Globals.php')
13 SYSTEMPATH\Autoloader\Autoloader.php(291): CodeIgniter\Autoloader\Autoloader->includeFile('C:\\xampp\\htdocs\\mahakal\\blog\\app\\Config\\Globals.php')
14 SYSTEMPATH\Autoloader\Autoloader.php(269): CodeIgniter\Autoloader\Autoloader->loadInNamespace('Config\\Globals')
15 APPPATH\Config\Routes.php(6): CodeIgniter\Autoloader\Autoloader->loadClass('Config\\Globals')
16 SYSTEMPATH\Router\RouteCollection.php(344): require('C:\\xampp\\htdocs\\mahakal\\blog\\app\\Config\\Routes.php')
17 SYSTEMPATH\CodeIgniter.php(809): CodeIgniter\Router\RouteCollection->loadRoutes()
18 SYSTEMPATH\CodeIgniter.php(449): CodeIgniter\CodeIgniter->tryToRouteIt(null)
19 SYSTEMPATH\CodeIgniter.php(360): CodeIgniter\CodeIgniter->handleRequest(null, Object(Config\Cache), false)
20 FCPATH\index.php(95): CodeIgniter\CodeIgniter->run()
CRITICAL - 2025-06-19 07:58:28 --> Unable to connect to the database.
Main connection [MySQLi]: Access denied for user '****'@'localhost' (using password: YES)
in SYSTEMPATH\Database\BaseConnection.php on line 428.
 1 SYSTEMPATH\Session\Handlers\DatabaseHandler.php(98): CodeIgniter\Database\BaseConnection->initialize()
 2 [internal function]: CodeIgniter\Session\Handlers\DatabaseHandler->open('ci_sessions', 'inf_session')
 3 SYSTEMPATH\Session\Session.php(919): session_start()
 4 SYSTEMPATH\Session\Session.php(241): CodeIgniter\Session\Session->startSession()
 5 SYSTEMPATH\Config\Services.php(693): CodeIgniter\Session\Session->start()
 6 SYSTEMPATH\Config\BaseService.php(258): CodeIgniter\Config\Services::session(Object(Config\Session), false)
 7 SYSTEMPATH\Config\BaseService.php(199): CodeIgniter\Config\BaseService::__callStatic('session', [...])
 8 SYSTEMPATH\Config\Services.php(664): CodeIgniter\Config\BaseService::getSharedInstance('session', null)
 9 SYSTEMPATH\Config\BaseService.php(258): CodeIgniter\Config\Services::session()
10 APPPATH\Config\Globals.php(26): CodeIgniter\Config\BaseService::__callStatic('session', [])
11 APPPATH\Config\Globals.php(100): Config\Globals::setGlobals()
12 SYSTEMPATH\Autoloader\Autoloader.php(312): include_once('C:\\xampp\\htdocs\\mahakal\\blog\\app\\Config\\Globals.php')
13 SYSTEMPATH\Autoloader\Autoloader.php(291): CodeIgniter\Autoloader\Autoloader->includeFile('C:\\xampp\\htdocs\\mahakal\\blog\\app\\Config\\Globals.php')
14 SYSTEMPATH\Autoloader\Autoloader.php(269): CodeIgniter\Autoloader\Autoloader->loadInNamespace('Config\\Globals')
15 APPPATH\Config\Routes.php(6): CodeIgniter\Autoloader\Autoloader->loadClass('Config\\Globals')
16 SYSTEMPATH\Router\RouteCollection.php(344): require('C:\\xampp\\htdocs\\mahakal\\blog\\app\\Config\\Routes.php')
17 SYSTEMPATH\CodeIgniter.php(809): CodeIgniter\Router\RouteCollection->loadRoutes()
18 SYSTEMPATH\CodeIgniter.php(449): CodeIgniter\CodeIgniter->tryToRouteIt(null)
19 SYSTEMPATH\CodeIgniter.php(360): CodeIgniter\CodeIgniter->handleRequest(null, Object(Config\Cache), false)
20 FCPATH\index.php(95): CodeIgniter\CodeIgniter->run()
CRITICAL - 2025-06-19 12:23:16 --> Class "file" not found
in SYSTEMPATH\Config\Services.php on line 686.
 1 SYSTEMPATH\Config\BaseService.php(258): CodeIgniter\Config\Services::session(Object(Config\Session), false)
 2 SYSTEMPATH\Config\BaseService.php(199): CodeIgniter\Config\BaseService::__callStatic('session', [...])
 3 SYSTEMPATH\Config\Services.php(664): CodeIgniter\Config\BaseService::getSharedInstance('session', null)
 4 SYSTEMPATH\Config\BaseService.php(258): CodeIgniter\Config\Services::session()
 5 APPPATH\Config\Globals.php(26): CodeIgniter\Config\BaseService::__callStatic('session', [])
 6 APPPATH\Config\Globals.php(100): Config\Globals::setGlobals()
 7 SYSTEMPATH\Autoloader\Autoloader.php(312): include_once('C:\\xampp\\htdocs\\mahakal\\blog\\app\\Config\\Globals.php')
 8 SYSTEMPATH\Autoloader\Autoloader.php(291): CodeIgniter\Autoloader\Autoloader->includeFile('C:\\xampp\\htdocs\\mahakal\\blog\\app\\Config\\Globals.php')
 9 SYSTEMPATH\Autoloader\Autoloader.php(269): CodeIgniter\Autoloader\Autoloader->loadInNamespace('Config\\Globals')
10 APPPATH\Config\Routes.php(6): CodeIgniter\Autoloader\Autoloader->loadClass('Config\\Globals')
11 SYSTEMPATH\Router\RouteCollection.php(344): require('C:\\xampp\\htdocs\\mahakal\\blog\\app\\Config\\Routes.php')
12 SYSTEMPATH\CodeIgniter.php(809): CodeIgniter\Router\RouteCollection->loadRoutes()
13 SYSTEMPATH\CodeIgniter.php(449): CodeIgniter\CodeIgniter->tryToRouteIt(null)
14 SYSTEMPATH\CodeIgniter.php(360): CodeIgniter\CodeIgniter->handleRequest(null, Object(Config\Cache), false)
15 FCPATH\index.php(95): CodeIgniter\CodeIgniter->run()
CRITICAL - 2025-06-19 12:23:16 --> Class "file" not found
in SYSTEMPATH\Config\Services.php on line 686.
 1 SYSTEMPATH\Config\BaseService.php(258): CodeIgniter\Config\Services::session(Object(Config\Session), false)
 2 SYSTEMPATH\Config\BaseService.php(199): CodeIgniter\Config\BaseService::__callStatic('session', [...])
 3 SYSTEMPATH\Config\Services.php(664): CodeIgniter\Config\BaseService::getSharedInstance('session', null)
 4 SYSTEMPATH\Config\BaseService.php(258): CodeIgniter\Config\Services::session()
 5 APPPATH\Config\Globals.php(26): CodeIgniter\Config\BaseService::__callStatic('session', [])
 6 APPPATH\Config\Globals.php(100): Config\Globals::setGlobals()
 7 SYSTEMPATH\Autoloader\Autoloader.php(312): include_once('C:\\xampp\\htdocs\\mahakal\\blog\\app\\Config\\Globals.php')
 8 SYSTEMPATH\Autoloader\Autoloader.php(291): CodeIgniter\Autoloader\Autoloader->includeFile('C:\\xampp\\htdocs\\mahakal\\blog\\app\\Config\\Globals.php')
 9 SYSTEMPATH\Autoloader\Autoloader.php(269): CodeIgniter\Autoloader\Autoloader->loadInNamespace('Config\\Globals')
10 APPPATH\Config\Routes.php(6): CodeIgniter\Autoloader\Autoloader->loadClass('Config\\Globals')
11 SYSTEMPATH\Router\RouteCollection.php(344): require('C:\\xampp\\htdocs\\mahakal\\blog\\app\\Config\\Routes.php')
12 SYSTEMPATH\CodeIgniter.php(809): CodeIgniter\Router\RouteCollection->loadRoutes()
13 SYSTEMPATH\CodeIgniter.php(449): CodeIgniter\CodeIgniter->tryToRouteIt(null)
14 SYSTEMPATH\CodeIgniter.php(360): CodeIgniter\CodeIgniter->handleRequest(null, Object(Config\Cache), false)
15 FCPATH\index.php(95): CodeIgniter\CodeIgniter->run()
