CRITICAL - 2025-06-13 05:57:36 --> Class "file" not found
in SYSTEMPATH\Config\Services.php on line 686.
 1 SYSTEMPATH\Config\BaseService.php(258): CodeIgniter\Config\Services::session(Object(Config\Session), false)
 2 SYSTEMPATH\Config\BaseService.php(199): CodeIgniter\Config\BaseService::__callStatic('session', [...])
 3 SYSTEMPATH\Config\Services.php(664): CodeIgniter\Config\BaseService::getSharedInstance('session', null)
 4 SYSTEMPATH\Config\BaseService.php(258): CodeIgniter\Config\Services::session()
 5 APPPATH\Config\Globals.php(26): CodeIgniter\Config\BaseService::__callStatic('session', [])
 6 APPPATH\Config\Globals.php(100): Config\Globals::setGlobals()
 7 SYSTEMPATH\Autoloader\Autoloader.php(312): include_once('C:\\xampp\\htdocs\\mahakal\\blog\\app\\Config\\Globals.php')
 8 SYSTEMPATH\Autoloader\Autoloader.php(291): CodeIgniter\Autoloader\Autoloader->includeFile('C:\\xampp\\htdocs\\mahakal\\blog\\app\\Config\\Globals.php')
 9 SYSTEMPATH\Autoloader\Autoloader.php(269): CodeIgniter\Autoloader\Autoloader->loadInNamespace('Config\\Globals')
10 APPPATH\Config\Routes.php(6): CodeIgniter\Autoloader\Autoloader->loadClass('Config\\Globals')
11 SYSTEMPATH\Router\RouteCollection.php(344): require('C:\\xampp\\htdocs\\mahakal\\blog\\app\\Config\\Routes.php')
12 SYSTEMPATH\CodeIgniter.php(809): CodeIgniter\Router\RouteCollection->loadRoutes()
13 SYSTEMPATH\CodeIgniter.php(449): CodeIgniter\CodeIgniter->tryToRouteIt(null)
14 SYSTEMPATH\CodeIgniter.php(360): CodeIgniter\CodeIgniter->handleRequest(null, Object(Config\Cache), false)
15 FCPATH\index.php(95): CodeIgniter\CodeIgniter->run()
CRITICAL - 2025-06-13 05:57:36 --> Class "file" not found
in SYSTEMPATH\Config\Services.php on line 686.
 1 SYSTEMPATH\Config\BaseService.php(258): CodeIgniter\Config\Services::session(Object(Config\Session), false)
 2 SYSTEMPATH\Config\BaseService.php(199): CodeIgniter\Config\BaseService::__callStatic('session', [...])
 3 SYSTEMPATH\Config\Services.php(664): CodeIgniter\Config\BaseService::getSharedInstance('session', null)
 4 SYSTEMPATH\Config\BaseService.php(258): CodeIgniter\Config\Services::session()
 5 APPPATH\Config\Globals.php(26): CodeIgniter\Config\BaseService::__callStatic('session', [])
 6 APPPATH\Config\Globals.php(100): Config\Globals::setGlobals()
 7 SYSTEMPATH\Autoloader\Autoloader.php(312): include_once('C:\\xampp\\htdocs\\mahakal\\blog\\app\\Config\\Globals.php')
 8 SYSTEMPATH\Autoloader\Autoloader.php(291): CodeIgniter\Autoloader\Autoloader->includeFile('C:\\xampp\\htdocs\\mahakal\\blog\\app\\Config\\Globals.php')
 9 SYSTEMPATH\Autoloader\Autoloader.php(269): CodeIgniter\Autoloader\Autoloader->loadInNamespace('Config\\Globals')
10 APPPATH\Config\Routes.php(6): CodeIgniter\Autoloader\Autoloader->loadClass('Config\\Globals')
11 SYSTEMPATH\Router\RouteCollection.php(344): require('C:\\xampp\\htdocs\\mahakal\\blog\\app\\Config\\Routes.php')
12 SYSTEMPATH\CodeIgniter.php(809): CodeIgniter\Router\RouteCollection->loadRoutes()
13 SYSTEMPATH\CodeIgniter.php(449): CodeIgniter\CodeIgniter->tryToRouteIt(null)
14 SYSTEMPATH\CodeIgniter.php(360): CodeIgniter\CodeIgniter->handleRequest(null, Object(Config\Cache), false)
15 FCPATH\index.php(95): CodeIgniter\CodeIgniter->run()
CRITICAL - 2025-06-13 11:49:18 --> Class "file" not found
in SYSTEMPATH\Config\Services.php on line 686.
 1 SYSTEMPATH\Config\BaseService.php(258): CodeIgniter\Config\Services::session(Object(Config\Session), false)
 2 SYSTEMPATH\Config\BaseService.php(199): CodeIgniter\Config\BaseService::__callStatic('session', [...])
 3 SYSTEMPATH\Config\Services.php(664): CodeIgniter\Config\BaseService::getSharedInstance('session', null)
 4 SYSTEMPATH\Config\BaseService.php(258): CodeIgniter\Config\Services::session()
 5 APPPATH\Config\Globals.php(26): CodeIgniter\Config\BaseService::__callStatic('session', [])
 6 APPPATH\Config\Globals.php(100): Config\Globals::setGlobals()
 7 SYSTEMPATH\Autoloader\Autoloader.php(312): include_once('C:\\xampp\\htdocs\\mahakal\\blog\\app\\Config\\Globals.php')
 8 SYSTEMPATH\Autoloader\Autoloader.php(291): CodeIgniter\Autoloader\Autoloader->includeFile('C:\\xampp\\htdocs\\mahakal\\blog\\app\\Config\\Globals.php')
 9 SYSTEMPATH\Autoloader\Autoloader.php(269): CodeIgniter\Autoloader\Autoloader->loadInNamespace('Config\\Globals')
10 APPPATH\Config\Routes.php(6): CodeIgniter\Autoloader\Autoloader->loadClass('Config\\Globals')
11 SYSTEMPATH\Router\RouteCollection.php(344): require('C:\\xampp\\htdocs\\mahakal\\blog\\app\\Config\\Routes.php')
12 SYSTEMPATH\CodeIgniter.php(809): CodeIgniter\Router\RouteCollection->loadRoutes()
13 SYSTEMPATH\CodeIgniter.php(449): CodeIgniter\CodeIgniter->tryToRouteIt(null)
14 SYSTEMPATH\CodeIgniter.php(360): CodeIgniter\CodeIgniter->handleRequest(null, Object(Config\Cache), false)
15 FCPATH\index.php(95): CodeIgniter\CodeIgniter->run()
CRITICAL - 2025-06-13 11:49:19 --> Class "file" not found
in SYSTEMPATH\Config\Services.php on line 686.
 1 SYSTEMPATH\Config\BaseService.php(258): CodeIgniter\Config\Services::session(Object(Config\Session), false)
 2 SYSTEMPATH\Config\BaseService.php(199): CodeIgniter\Config\BaseService::__callStatic('session', [...])
 3 SYSTEMPATH\Config\Services.php(664): CodeIgniter\Config\BaseService::getSharedInstance('session', null)
 4 SYSTEMPATH\Config\BaseService.php(258): CodeIgniter\Config\Services::session()
 5 APPPATH\Config\Globals.php(26): CodeIgniter\Config\BaseService::__callStatic('session', [])
 6 APPPATH\Config\Globals.php(100): Config\Globals::setGlobals()
 7 SYSTEMPATH\Autoloader\Autoloader.php(312): include_once('C:\\xampp\\htdocs\\mahakal\\blog\\app\\Config\\Globals.php')
 8 SYSTEMPATH\Autoloader\Autoloader.php(291): CodeIgniter\Autoloader\Autoloader->includeFile('C:\\xampp\\htdocs\\mahakal\\blog\\app\\Config\\Globals.php')
 9 SYSTEMPATH\Autoloader\Autoloader.php(269): CodeIgniter\Autoloader\Autoloader->loadInNamespace('Config\\Globals')
10 APPPATH\Config\Routes.php(6): CodeIgniter\Autoloader\Autoloader->loadClass('Config\\Globals')
11 SYSTEMPATH\Router\RouteCollection.php(344): require('C:\\xampp\\htdocs\\mahakal\\blog\\app\\Config\\Routes.php')
12 SYSTEMPATH\CodeIgniter.php(809): CodeIgniter\Router\RouteCollection->loadRoutes()
13 SYSTEMPATH\CodeIgniter.php(449): CodeIgniter\CodeIgniter->tryToRouteIt(null)
14 SYSTEMPATH\CodeIgniter.php(360): CodeIgniter\CodeIgniter->handleRequest(null, Object(Config\Cache), false)
15 FCPATH\index.php(95): CodeIgniter\CodeIgniter->run()
